execve("./tmp.o", ["./tmp.o"], 0x7ffeb8500df0 /* 25 vars */) = 0
brk(NULL)                               = 0x559444dad000
mmap(NULL, 8192, PROT_READ|PROT_WRITE, MAP_PRIVATE|MAP_ANONYMOUS, -1, 0) = 0x7f39aa276000
access("/etc/ld.so.preload", R_OK)      = -1 ENOENT (No such file or directory)
openat(AT_FDCWD, "/etc/ld.so.cache", O_RDONLY|O_CLOEXEC) = 3
fstat(3, {st_mode=S_IFREG|0644, st_size=19963, ...}) = 0
mmap(NULL, 19963, PROT_READ, MAP_PRIVATE, 3, 0) = 0x7f39aa271000
close(3)                                = 0
openat(AT_FDCWD, "/lib/x86_64-linux-gnu/libc.so.6", O_RDONLY|O_CLOEXEC) = 3
read(3, "\177ELF\2\1\1\3\0\0\0\0\0\0\0\0\3\0>\0\1\0\0\0\220\243\2\0\0\0\0\0"..., 832) = 832
pread64(3, "\6\0\0\0\4\0\0\0@\0\0\0\0\0\0\0@\0\0\0\0\0\0\0@\0\0\0\0\0\0\0"..., 784, 64) = 784
fstat(3, {st_mode=S_IFREG|0755, st_size=2125328, ...}) = 0
pread64(3, "\6\0\0\0\4\0\0\0@\0\0\0\0\0\0\0@\0\0\0\0\0\0\0@\0\0\0\0\0\0\0"..., 784, 64) = 784
mmap(NULL, 2170256, PROT_READ, MAP_PRIVATE|MAP_DENYWRITE, 3, 0) = 0x7f39aa05f000
mmap(0x7f39aa087000, 1605632, PROT_READ|PROT_EXEC, MAP_PRIVATE|MAP_FIXED|MAP_DENYWRITE, 3, 0x28000) = 0x7f39aa087000
mmap(0x7f39aa20f000, 323584, PROT_READ, MAP_PRIVATE|MAP_FIXED|MAP_DENYWRITE, 3, 0x1b0000) = 0x7f39aa20f000
mmap(0x7f39aa25e000, 24576, PROT_READ|PROT_WRITE, MAP_PRIVATE|MAP_FIXED|MAP_DENYWRITE, 3, 0x1fe000) = 0x7f39aa25e000
mmap(0x7f39aa264000, 52624, PROT_READ|PROT_WRITE, MAP_PRIVATE|MAP_FIXED|MAP_ANONYMOUS, -1, 0) = 0x7f39aa264000
close(3)                                = 0
mmap(NULL, 12288, PROT_READ|PROT_WRITE, MAP_PRIVATE|MAP_ANONYMOUS, -1, 0) = 0x7f39aa05c000
arch_prctl(ARCH_SET_FS, 0x7f39aa05c740) = 0
set_tid_address(0x7f39aa05ca10)         = 1036
set_robust_list(0x7f39aa05ca20, 24)     = 0
rseq(0x7f39aa05d060, 0x20, 0, 0x53053053) = 0
mprotect(0x7f39aa25e000, 16384, PROT_READ) = 0
mprotect(0x559406413000, 4096, PROT_READ) = 0
mprotect(0x7f39aa2ae000, 8192, PROT_READ) = 0
prlimit64(0, RLIMIT_STACK, NULL, {rlim_cur=8192*1024, rlim_max=RLIM64_INFINITY}) = 0
munmap(0x7f39aa271000, 19963)           = 0
openat(AT_FDCWD, "/dev/shm/my_shm", O_RDWR|O_CREAT|O_NOFOLLOW|O_CLOEXEC, 0666) = 3
ftruncate(3, 1024)                      = 0
mmap(NULL, 1024, PROT_READ|PROT_WRITE, MAP_SHARED, 3, 0) = 0x7f39aa275000
clone(child_stack=NULL, flags=CLONE_CHILD_CLEARTID|CLONE_CHILD_SETTID|SIGCHLD, child_tidptr=0x7f39aa05ca10) = 1037
wait4(-1, NULL, 0, NULL)                = 1037
--- SIGCHLD {si_signo=SIGCHLD, si_code=CLD_EXITED, si_pid=1037, si_uid=1000, si_status=0, si_utime=0, si_stime=1 /* 0.01 s */} ---
munmap(0x7f39aa275000, 1024)            = 0
unlink("/dev/shm/my_shm")               = 0
exit_group(0)                           = ?
+++ exited with 0 +++
